\BOOKMARK [1][-]{bluesection.1}{\376\377\000R\000e\000q\000u\000i\000r\000e\000m\000e\000n\000t\000\040\000e\000l\000i\000c\000i\000t\000a\000t\000i\000o\000n}{}% 1
\BOOKMARK [1][-]{section.1}{\376\377\000P\000r\000o\000j\000e\000c\000t\000\040\000b\000r\000i\000e\000f\000i\000n\000g}{}% 2
\BOOKMARK [2][-]{subsection.1.1}{\376\377\000C\000o\000n\000t\000e\000x\000t}{section.1}% 3
\BOOKMARK [2][-]{subsection.1.2}{\376\377\000S\000t\000a\000k\000e\000h\000o\000l\000d\000e\000r\000s}{section.1}% 4
\BOOKMARK [2][-]{subsection.1.3}{\376\377\000F\000e\000a\000t\000u\000r\000e\000s}{section.1}% 5
\BOOKMARK [2][-]{subsection.1.4}{\376\377\000S\000c\000o\000p\000e\000s}{section.1}% 6
\BOOKMARK [3][-]{subsubsection.1.4.1}{\376\377\000I\000n\000\040\000s\000c\000o\000p\000e}{subsection.1.4}% 7
\BOOKMARK [3][-]{subsubsection.1.4.2}{\376\377\000O\000u\000t\000\040\000o\000f\000\040\000s\000c\000o\000p\000e}{subsection.1.4}% 8
\BOOKMARK [1][-]{section.2}{\376\377\000R\000e\000q\000u\000i\000r\000e\000m\000e\000n\000t\000s\000\040\000a\000n\000d\000\040\000u\000s\000e\000-\000c\000a\000s\000i\000n\000g}{}% 9
\BOOKMARK [2][-]{subsection.2.1}{\376\377\000F\000u\000n\000c\000t\000i\000o\000n\000a\000l\000\040\000r\000e\000q\000u\000i\000r\000e\000m\000e\000n\000t\000s}{section.2}% 10
\BOOKMARK [2][-]{subsection.2.2}{\376\377\000N\000o\000n\000-\000f\000u\000n\000c\000t\000i\000o\000n\000a\000l\000\040\000r\000e\000q\000u\000i\000r\000e\000m\000e\000n\000t\000s}{section.2}% 11
\BOOKMARK [2][-]{subsection.2.3}{\376\377\000S\000y\000s\000t\000e\000m\000\040\000u\000s\000e\000-\000c\000a\000s\000e\000\040\000d\000i\000a\000g\000r\000a\000m}{section.2}% 12
\BOOKMARK [1][-]{section.3}{\376\377\000F\000o\000o\000d\000\040\000o\000r\000d\000e\000r\000i\000n\000g\000\040\000u\000s\000e\000-\000c\000a\000s\000e\000\040\000e\000x\000a\000m\000p\000l\000e}{}% 13
\BOOKMARK [1][-]{bluesection.2}{\376\377\000S\000y\000s\000t\000e\000m\000\040\000m\000o\000d\000e\000l\000i\000n\000g}{}% 14
\BOOKMARK [1][-]{section.1}{\376\377\000A\000c\000t\000i\000v\000i\000t\000y\000\040\000d\000i\000a\000g\000r\000a\000m}{}% 15
\BOOKMARK [1][-]{section.2}{\376\377\000S\000e\000q\000u\000e\000n\000c\000e\000\040\000d\000i\000a\000g\000r\000a\000m}{}% 16
\BOOKMARK [1][-]{section.3}{\376\377\000C\000l\000a\000s\000s\000\040\000d\000i\000a\000g\000r\000a\000m}{}% 17
\BOOKMARK [1][-]{bluesection.3}{\376\377\000S\000y\000s\000t\000e\000m\000\040\000a\000r\000c\000h\000i\000t\000e\000c\000t\000u\000r\000e}{}% 18
\BOOKMARK [1][-]{section.1}{\376\377\000C\000l\000o\000u\000d\000-\000n\000a\000t\000i\000v\000e\000\040\000a\000r\000c\000h\000i\000t\000e\000c\000t\000u\000r\000e\000\040\000p\000a\000t\000t\000e\000r\000n}{}% 19
\BOOKMARK [2][-]{subsection.1.1}{\376\377\000A\000r\000c\000h\000i\000t\000e\000c\000t\000u\000r\000e\000\040\000f\000o\000u\000n\000d\000a\000t\000i\000o\000n}{section.1}% 20
\BOOKMARK [2][-]{subsection.1.2}{\376\377\000I\000n\000t\000e\000g\000r\000a\000t\000i\000o\000n\000\040\000a\000n\000d\000\040\000s\000e\000c\000u\000r\000i\000t\000y\000\040\000a\000d\000v\000a\000n\000t\000a\000g\000e\000s}{section.1}% 21
\BOOKMARK [1][-]{section.2}{\376\377\000F\000u\000n\000c\000t\000i\000o\000n\000a\000l\000\040\000r\000e\000q\000u\000i\000r\000e\000m\000e\000n\000t\000\040\000i\000m\000p\000l\000e\000m\000e\000n\000t\000a\000t\000i\000o\000n}{}% 22
\BOOKMARK [1][-]{bluesection.4}{\376\377\000S\000y\000s\000t\000e\000m\000\040\000i\000m\000p\000l\000e\000m\000e\000n\000t\000a\000t\000i\000o\000n}{}% 23
\BOOKMARK [1][-]{section.1}{\376\377\000G\000i\000t\000h\000u\000b\000\040\000r\000e\000p\000o\000s\000i\000t\000o\000r\000y}{}% 24
